<?xml version="1.0" encoding="UTF-8"?>
<!-- Generated by org.testng.reporters.JUnitReportReporter -->
<testsuite hostname="Iquii" failures="0" tests="2" name="com.maven.TestNG_Project.Simple_Annotations" time="0.005" errors="0" timestamp="2021-05-07T10:48:42 IST" skipped="1">
  <testcase classname="com.maven.TestNG_Project.Simple_Annotations" name="laptop" time="0.005"/>
  <system-out/>
  <testcase classname="com.maven.TestNG_Project.Simple_Annotations" name="mobile">
    <skipped/>
  </testcase> <!-- mobile -->
  <system-out/>
</testsuite> <!-- com.maven.TestNG_Project.Simple_Annotations -->
