<?xml version="1.0" encoding="UTF-8"?>
<!-- Generated by org.testng.reporters.JUnitReportReporter -->
<testsuite hostname="Iquii" failures="0" tests="3" name="com.maven.TestNG_Project.Annotations" time="0.017" errors="0" timestamp="2021-05-06T23:12:36 IST" skipped="0">
  <testcase classname="com.maven.TestNG_Project.Annotations" name="laptop" time="0.003"/>
  <system-out/>
  <testcase classname="com.maven.TestNG_Project.Annotations" name="earphones" time="0.010"/>
  <system-out/>
  <testcase classname="com.maven.TestNG_Project.Annotations" name="mobile" time="0.004"/>
  <system-out/>
</testsuite> <!-- com.maven.TestNG_Project.Annotations -->
