<?xml version="1.0" encoding="UTF-8"?>
<!-- Generated by org.testng.reporters.JUnitReportReporter -->
<testsuite hostname="Iquii" failures="0" tests="3" name="com.maven.TestNG_Project.Priority_Test" time="0.011" errors="0" timestamp="2021-05-08T11:33:42 IST" skipped="0">
  <testcase classname="com.maven.TestNG_Project.Priority_Test" name="earphones" time="0.008"/>
  <system-out/>
  <testcase classname="com.maven.TestNG_Project.Priority_Test" name="laptop" time="0.001"/>
  <system-out/>
  <testcase classname="com.maven.TestNG_Project.Priority_Test" name="mobile" time="0.002"/>
  <system-out/>
</testsuite> <!-- com.maven.TestNG_Project.Priority_Test -->
