<?xml version="1.0" encoding="UTF-8"?>
<!-- Generated by org.testng.reporters.JUnitReportReporter -->
<testsuite hostname="Iquii" failures="0" tests="4" name="com.maven.TestNG_Project.Data_Provider_Test" time="0.013" errors="0" timestamp="2021-05-08T11:22:07 IST" skipped="0">
  <testcase classname="com.maven.TestNG_Project.Data_Provider_Test" name="credentials" time="0.008"/>
  <system-out/>
  <testcase classname="com.maven.TestNG_Project.Data_Provider_Test" name="credentials" time="0.002"/>
  <system-out/>
  <testcase classname="com.maven.TestNG_Project.Data_Provider_Test" name="credentials" time="0.001"/>
  <system-out/>
  <testcase classname="com.maven.TestNG_Project.Data_Provider_Test" name="credentials" time="0.002"/>
  <system-out/>
</testsuite> <!-- com.maven.TestNG_Project.Data_Provider_Test -->
