<?xml version="1.0" encoding="UTF-8"?>
<!-- Generated by org.testng.reporters.JUnitReportReporter -->
<testsuite hostname="Iquii" failures="0" tests="1" name="Simple.NewTest" time="0.010" errors="0" timestamp="2021-05-06T21:08:35 IST" skipped="0">
  <testcase classname="Simple.NewTest" name="f" time="0.010"/>
  <system-out/>
</testsuite> <!-- Simple.NewTest -->
