<?xml version="1.0" encoding="UTF-8"?>
<!-- Generated by org.testng.reporters.JUnitReportReporter -->
<testsuite hostname="Iquii" failures="0" tests="1" name="com.maven.TestNG_Project.Timeout_Test" time="3.026" errors="0" timestamp="2021-05-07T11:18:57 IST" skipped="0">
  <testcase classname="com.maven.TestNG_Project.Timeout_Test" name="demo" time="3.026"/>
  <system-out/>
</testsuite> <!-- com.maven.TestNG_Project.Timeout_Test -->
