<?xml version="1.0" encoding="UTF-8"?>
<!-- Generated by org.testng.reporters.JUnitReportReporter -->
<testsuite hostname="Iquii" failures="0" tests="1" name="com.maven.TestNG_Project.Assert_Concept" time="0.013" errors="0" timestamp="2021-05-09T11:14:52 IST" skipped="0">
  <testcase classname="com.maven.TestNG_Project.Assert_Concept" name="demo" time="0.013"/>
  <system-out/>
</testsuite> <!-- com.maven.TestNG_Project.Assert_Concept -->
