<?xml version="1.0" encoding="UTF-8"?>
<!-- Generated by org.testng.reporters.JUnitReportReporter -->
<testsuite hostname="Iquii" failures="0" tests="5" name="com.maven.TestNG_Project.Grouping_Test" time="0.023" errors="0" timestamp="2021-05-08T11:32:11 IST" skipped="0">
  <testcase classname="com.maven.TestNG_Project.Grouping_Test" name="laptop" time="0.002"/>
  <system-out/>
  <testcase classname="com.maven.TestNG_Project.Grouping_Test" name="whatsapp" time="0.002"/>
  <system-out/>
  <testcase classname="com.maven.TestNG_Project.Grouping_Test" name="mobile" time="0.002"/>
  <system-out/>
  <testcase classname="com.maven.TestNG_Project.Grouping_Test" name="faceapp" time="0.001"/>
  <system-out/>
  <testcase classname="com.maven.TestNG_Project.Grouping_Test" name="earphones" time="0.016"/>
  <system-out/>
</testsuite> <!-- com.maven.TestNG_Project.Grouping_Test -->
