<?xml version="1.0" encoding="UTF-8"?>
<!-- Generated by org.testng.reporters.JUnitReportReporter -->
<testsuite hostname="Iquii" failures="0" tests="5" name="com.maven.TestNG_Project.Invocation_Count" time="0.017" errors="0" timestamp="2021-05-07T11:11:05 IST" skipped="0">
  <testcase classname="com.maven.TestNG_Project.Invocation_Count" name="refresh" time="0.001"/>
  <system-out/>
  <testcase classname="com.maven.TestNG_Project.Invocation_Count" name="refresh" time="0.001"/>
  <system-out/>
  <testcase classname="com.maven.TestNG_Project.Invocation_Count" name="refresh" time="0.001"/>
  <system-out/>
  <testcase classname="com.maven.TestNG_Project.Invocation_Count" name="url" time="0.001"/>
  <system-out/>
  <testcase classname="com.maven.TestNG_Project.Invocation_Count" name="browserLaunch" time="0.013"/>
  <system-out/>
</testsuite> <!-- com.maven.TestNG_Project.Invocation_Count -->
