<?xml version="1.0" encoding="UTF-8"?>
<!-- Generated by org.testng.reporters.JUnitReportReporter -->
<testsuite hostname="Iquii" failures="0" tests="1" name="com.maven.TestNG_Project.Parameterized_Test" time="0.013" errors="0" timestamp="2021-05-08T11:46:06 IST" skipped="0">
  <testcase classname="com.maven.TestNG_Project.Parameterized_Test" name="credentials" time="0.013"/>
  <system-out/>
</testsuite> <!-- com.maven.TestNG_Project.Parameterized_Test -->
