<?xml version="1.0" encoding="UTF-8"?>
<!-- Generated by org.testng.reporters.JUnitReportReporter -->
<testsuite hostname="Iquii" failures="0" tests="1" name="com.maven.TestNG_Project.soft_assert" time="0.015" errors="0" timestamp="2021-05-09T11:14:42 IST" skipped="0">
  <testcase classname="com.maven.TestNG_Project.soft_assert" name="demo" time="0.015"/>
  <system-out/>
</testsuite> <!-- com.maven.TestNG_Project.soft_assert -->
